2015-11-19 01:26:08 FATAL WorkAppLoggerTestCase:99 -  [2634b48f-c7ee-418c-8d0a-7c1fb3a1fc99,Test GUID] 
2015-11-19 01:26:08 ERROR WorkAppLoggerTestCase:105 -  [2634b48f-c7ee-418c-8d0a-7c1fb3a1fc99,Test GUID] 
2015-11-19 01:26:08 WARN  WorkAppLoggerTestCase:111 -  [2634b48f-c7ee-418c-8d0a-7c1fb3a1fc99,Test GUID] 
2015-11-19 01:26:08 INFO  WorkAppLoggerTestCase:118 -  [2634b48f-c7ee-418c-8d0a-7c1fb3a1fc99,Test GUID] 
2015-11-19 01:26:08 DEBUG WorkAppLoggerTestCase:125 -  [2634b48f-c7ee-418c-8d0a-7c1fb3a1fc99,Test GUID] 
2015-11-19 01:26:08 TRACE WorkAppLoggerTestCase:131 -  [2634b48f-c7ee-418c-8d0a-7c1fb3a1fc99,Test GUID] 
2015-11-19 01:26:08 INFO  WorkAppLoggerTestCase:93 -  [ Test Exception ]  - Stacktrace : java.lang.Exception: Test Exception
	at com.workappinc.workappserver.common.logging.WorkAppLoggerTestCase.doBasicTest(WorkAppLoggerTestCase.java:30)
	at sun.reflect.NativeMethodAccessorImpl.invoke0(Native Method)
	at sun.reflect.NativeMethodAccessorImpl.invoke(NativeMethodAccessorImpl.java:62)
	at sun.reflect.DelegatingMethodAccessorImpl.invoke(DelegatingMethodAccessorImpl.java:43)
	at java.lang.reflect.Method.invoke(Method.java:497)
	at org.junit.runners.model.FrameworkMethod$1.runReflectiveCall(FrameworkMethod.java:47)
	at org.junit.internal.runners.model.ReflectiveCallable.run(ReflectiveCallable.java:12)
	at org.junit.runners.model.FrameworkMethod.invokeExplosively(FrameworkMethod.java:44)
	at org.junit.internal.runners.statements.InvokeMethod.evaluate(InvokeMethod.java:17)
	at org.junit.runners.ParentRunner.runLeaf(ParentRunner.java:271)
	at org.junit.runners.BlockJUnit4ClassRunner.runChild(BlockJUnit4ClassRunner.java:70)
	at org.junit.runners.BlockJUnit4ClassRunner.runChild(BlockJUnit4ClassRunner.java:50)
	at org.junit.runners.ParentRunner$3.run(ParentRunner.java:238)
	at org.junit.runners.ParentRunner$1.schedule(ParentRunner.java:63)
	at org.junit.runners.ParentRunner.runChildren(ParentRunner.java:236)
	at org.junit.runners.ParentRunner.access$000(ParentRunner.java:53)
	at org.junit.runners.ParentRunner$2.evaluate(ParentRunner.java:229)
	at org.junit.runners.ParentRunner.run(ParentRunner.java:309)
	at org.eclipse.jdt.internal.junit4.runner.JUnit4TestReference.run(JUnit4TestReference.java:86)
	at org.eclipse.jdt.internal.junit.runner.TestExecution.run(TestExecution.java:38)
	at org.eclipse.jdt.internal.junit.runner.RemoteTestRunner.runTests(RemoteTestRunner.java:459)
	at org.eclipse.jdt.internal.junit.runner.RemoteTestRunner.runTests(RemoteTestRunner.java:670)
	at org.eclipse.jdt.internal.junit.runner.RemoteTestRunner.run(RemoteTestRunner.java:382)
	at org.eclipse.jdt.internal.junit.runner.RemoteTestRunner.main(RemoteTestRunner.java:192)

2015-11-19 01:26:08 INFO  WorkAppLoggerTestCase:86 -  [2634b48f-c7ee-418c-8d0a-7c1fb3a1fc99,Test GUID] 
2015-11-19 01:28:43 FATAL WorkAppLoggerTestCase:99 -  [2634b48f-c7ee-418c-8d0a-7c1fb3a1fc99,Test GUID] 
2015-11-19 01:28:43 ERROR WorkAppLoggerTestCase:105 -  [2634b48f-c7ee-418c-8d0a-7c1fb3a1fc99,Test GUID] 
2015-11-19 01:28:43 WARN  WorkAppLoggerTestCase:111 -  [2634b48f-c7ee-418c-8d0a-7c1fb3a1fc99,Test GUID] 
2015-11-19 01:28:43 INFO  WorkAppLoggerTestCase:118 -  [2634b48f-c7ee-418c-8d0a-7c1fb3a1fc99,Test GUID] 
2015-11-19 01:28:43 DEBUG WorkAppLoggerTestCase:125 -  [2634b48f-c7ee-418c-8d0a-7c1fb3a1fc99,Test GUID] 
2015-11-19 01:28:43 TRACE WorkAppLoggerTestCase:131 -  [2634b48f-c7ee-418c-8d0a-7c1fb3a1fc99,Test GUID] 
2015-11-19 01:28:43 INFO  WorkAppLoggerTestCase:93 -  [ Test Exception ]  - Stacktrace : java.lang.Exception: Test Exception
	at com.workappinc.workappserver.common.logging.WorkAppLoggerTestCase.doBasicTest(WorkAppLoggerTestCase.java:30)
	at sun.reflect.NativeMethodAccessorImpl.invoke0(Native Method)
	at sun.reflect.NativeMethodAccessorImpl.invoke(NativeMethodAccessorImpl.java:62)
	at sun.reflect.DelegatingMethodAccessorImpl.invoke(DelegatingMethodAccessorImpl.java:43)
	at java.lang.reflect.Method.invoke(Method.java:497)
	at org.junit.runners.model.FrameworkMethod$1.runReflectiveCall(FrameworkMethod.java:47)
	at org.junit.internal.runners.model.ReflectiveCallable.run(ReflectiveCallable.java:12)
	at org.junit.runners.model.FrameworkMethod.invokeExplosively(FrameworkMethod.java:44)
	at org.junit.internal.runners.statements.InvokeMethod.evaluate(InvokeMethod.java:17)
	at org.junit.runners.ParentRunner.runLeaf(ParentRunner.java:271)
	at org.junit.runners.BlockJUnit4ClassRunner.runChild(BlockJUnit4ClassRunner.java:70)
	at org.junit.runners.BlockJUnit4ClassRunner.runChild(BlockJUnit4ClassRunner.java:50)
	at org.junit.runners.ParentRunner$3.run(ParentRunner.java:238)
	at org.junit.runners.ParentRunner$1.schedule(ParentRunner.java:63)
	at org.junit.runners.ParentRunner.runChildren(ParentRunner.java:236)
	at org.junit.runners.ParentRunner.access$000(ParentRunner.java:53)
	at org.junit.runners.ParentRunner$2.evaluate(ParentRunner.java:229)
	at org.junit.runners.ParentRunner.run(ParentRunner.java:309)
	at org.eclipse.jdt.internal.junit4.runner.JUnit4TestReference.run(JUnit4TestReference.java:86)
	at org.eclipse.jdt.internal.junit.runner.TestExecution.run(TestExecution.java:38)
	at org.eclipse.jdt.internal.junit.runner.RemoteTestRunner.runTests(RemoteTestRunner.java:459)
	at org.eclipse.jdt.internal.junit.runner.RemoteTestRunner.runTests(RemoteTestRunner.java:670)
	at org.eclipse.jdt.internal.junit.runner.RemoteTestRunner.run(RemoteTestRunner.java:382)
	at org.eclipse.jdt.internal.junit.runner.RemoteTestRunner.main(RemoteTestRunner.java:192)

2015-11-19 01:28:43 INFO  WorkAppLoggerTestCase:86 -  [2634b48f-c7ee-418c-8d0a-7c1fb3a1fc99,Test GUID] 
2015-11-19 01:29:41 FATAL WorkAppLoggerTestCase:99 [dhgovindaraj-VirtualBox:4754]  [2634b48f-c7ee-418c-8d0a-7c1fb3a1fc99,Test GUID] 
2015-11-19 01:29:41 ERROR WorkAppLoggerTestCase:105 [dhgovindaraj-VirtualBox:4754]  [2634b48f-c7ee-418c-8d0a-7c1fb3a1fc99,Test GUID] 
2015-11-19 01:29:41 WARN  WorkAppLoggerTestCase:111 [dhgovindaraj-VirtualBox:4754]  [2634b48f-c7ee-418c-8d0a-7c1fb3a1fc99,Test GUID] 
2015-11-19 01:29:41 INFO  WorkAppLoggerTestCase:118 [dhgovindaraj-VirtualBox:4754]  [2634b48f-c7ee-418c-8d0a-7c1fb3a1fc99,Test GUID] 
2015-11-19 01:29:41 DEBUG WorkAppLoggerTestCase:125 [dhgovindaraj-VirtualBox:4754]  [2634b48f-c7ee-418c-8d0a-7c1fb3a1fc99,Test GUID] 
2015-11-19 01:29:41 TRACE WorkAppLoggerTestCase:131 [dhgovindaraj-VirtualBox:4754]  [2634b48f-c7ee-418c-8d0a-7c1fb3a1fc99,Test GUID] 
2015-11-19 01:29:41 INFO  WorkAppLoggerTestCase:93 [dhgovindaraj-VirtualBox:4754]  [ Test Exception ]  - Stacktrace : java.lang.Exception: Test Exception
	at com.workappinc.workappserver.common.logging.WorkAppLoggerTestCase.doBasicTest(WorkAppLoggerTestCase.java:30)
	at sun.reflect.NativeMethodAccessorImpl.invoke0(Native Method)
	at sun.reflect.NativeMethodAccessorImpl.invoke(NativeMethodAccessorImpl.java:62)
	at sun.reflect.DelegatingMethodAccessorImpl.invoke(DelegatingMethodAccessorImpl.java:43)
	at java.lang.reflect.Method.invoke(Method.java:497)
	at org.junit.runners.model.FrameworkMethod$1.runReflectiveCall(FrameworkMethod.java:47)
	at org.junit.internal.runners.model.ReflectiveCallable.run(ReflectiveCallable.java:12)
	at org.junit.runners.model.FrameworkMethod.invokeExplosively(FrameworkMethod.java:44)
	at org.junit.internal.runners.statements.InvokeMethod.evaluate(InvokeMethod.java:17)
	at org.junit.runners.ParentRunner.runLeaf(ParentRunner.java:271)
	at org.junit.runners.BlockJUnit4ClassRunner.runChild(BlockJUnit4ClassRunner.java:70)
	at org.junit.runners.BlockJUnit4ClassRunner.runChild(BlockJUnit4ClassRunner.java:50)
	at org.junit.runners.ParentRunner$3.run(ParentRunner.java:238)
	at org.junit.runners.ParentRunner$1.schedule(ParentRunner.java:63)
	at org.junit.runners.ParentRunner.runChildren(ParentRunner.java:236)
	at org.junit.runners.ParentRunner.access$000(ParentRunner.java:53)
	at org.junit.runners.ParentRunner$2.evaluate(ParentRunner.java:229)
	at org.junit.runners.ParentRunner.run(ParentRunner.java:309)
	at org.eclipse.jdt.internal.junit4.runner.JUnit4TestReference.run(JUnit4TestReference.java:86)
	at org.eclipse.jdt.internal.junit.runner.TestExecution.run(TestExecution.java:38)
	at org.eclipse.jdt.internal.junit.runner.RemoteTestRunner.runTests(RemoteTestRunner.java:459)
	at org.eclipse.jdt.internal.junit.runner.RemoteTestRunner.runTests(RemoteTestRunner.java:670)
	at org.eclipse.jdt.internal.junit.runner.RemoteTestRunner.run(RemoteTestRunner.java:382)
	at org.eclipse.jdt.internal.junit.runner.RemoteTestRunner.main(RemoteTestRunner.java:192)

2015-11-19 01:29:41 INFO  WorkAppLoggerTestCase:86 [dhgovindaraj-VirtualBox:4754]  [2634b48f-c7ee-418c-8d0a-7c1fb3a1fc99,Test GUID] 
2015-11-19 01:30:09 FATAL WorkAppLoggerTestCase:99 dhgovindaraj-VirtualBox:4776  [2634b48f-c7ee-418c-8d0a-7c1fb3a1fc99,Test GUID] 
2015-11-19 01:30:10 ERROR WorkAppLoggerTestCase:105 dhgovindaraj-VirtualBox:4776  [2634b48f-c7ee-418c-8d0a-7c1fb3a1fc99,Test GUID] 
2015-11-19 01:30:10 WARN  WorkAppLoggerTestCase:111 dhgovindaraj-VirtualBox:4776  [2634b48f-c7ee-418c-8d0a-7c1fb3a1fc99,Test GUID] 
2015-11-19 01:30:10 INFO  WorkAppLoggerTestCase:118 dhgovindaraj-VirtualBox:4776  [2634b48f-c7ee-418c-8d0a-7c1fb3a1fc99,Test GUID] 
2015-11-19 01:30:10 DEBUG WorkAppLoggerTestCase:125 dhgovindaraj-VirtualBox:4776  [2634b48f-c7ee-418c-8d0a-7c1fb3a1fc99,Test GUID] 
2015-11-19 01:30:10 TRACE WorkAppLoggerTestCase:131 dhgovindaraj-VirtualBox:4776  [2634b48f-c7ee-418c-8d0a-7c1fb3a1fc99,Test GUID] 
2015-11-19 01:30:10 INFO  WorkAppLoggerTestCase:93 dhgovindaraj-VirtualBox:4776  [ Test Exception ]  - Stacktrace : java.lang.Exception: Test Exception
	at com.workappinc.workappserver.common.logging.WorkAppLoggerTestCase.doBasicTest(WorkAppLoggerTestCase.java:30)
	at sun.reflect.NativeMethodAccessorImpl.invoke0(Native Method)
	at sun.reflect.NativeMethodAccessorImpl.invoke(NativeMethodAccessorImpl.java:62)
	at sun.reflect.DelegatingMethodAccessorImpl.invoke(DelegatingMethodAccessorImpl.java:43)
	at java.lang.reflect.Method.invoke(Method.java:497)
	at org.junit.runners.model.FrameworkMethod$1.runReflectiveCall(FrameworkMethod.java:47)
	at org.junit.internal.runners.model.ReflectiveCallable.run(ReflectiveCallable.java:12)
	at org.junit.runners.model.FrameworkMethod.invokeExplosively(FrameworkMethod.java:44)
	at org.junit.internal.runners.statements.InvokeMethod.evaluate(InvokeMethod.java:17)
	at org.junit.runners.ParentRunner.runLeaf(ParentRunner.java:271)
	at org.junit.runners.BlockJUnit4ClassRunner.runChild(BlockJUnit4ClassRunner.java:70)
	at org.junit.runners.BlockJUnit4ClassRunner.runChild(BlockJUnit4ClassRunner.java:50)
	at org.junit.runners.ParentRunner$3.run(ParentRunner.java:238)
	at org.junit.runners.ParentRunner$1.schedule(ParentRunner.java:63)
	at org.junit.runners.ParentRunner.runChildren(ParentRunner.java:236)
	at org.junit.runners.ParentRunner.access$000(ParentRunner.java:53)
	at org.junit.runners.ParentRunner$2.evaluate(ParentRunner.java:229)
	at org.junit.runners.ParentRunner.run(ParentRunner.java:309)
	at org.eclipse.jdt.internal.junit4.runner.JUnit4TestReference.run(JUnit4TestReference.java:86)
	at org.eclipse.jdt.internal.junit.runner.TestExecution.run(TestExecution.java:38)
	at org.eclipse.jdt.internal.junit.runner.RemoteTestRunner.runTests(RemoteTestRunner.java:459)
	at org.eclipse.jdt.internal.junit.runner.RemoteTestRunner.runTests(RemoteTestRunner.java:670)
	at org.eclipse.jdt.internal.junit.runner.RemoteTestRunner.run(RemoteTestRunner.java:382)
	at org.eclipse.jdt.internal.junit.runner.RemoteTestRunner.main(RemoteTestRunner.java:192)

2015-11-19 01:30:10 INFO  WorkAppLoggerTestCase:86 dhgovindaraj-VirtualBox:4776  [2634b48f-c7ee-418c-8d0a-7c1fb3a1fc99,Test GUID] 
2015-11-19 02:03:48 FATAL WorkAppLoggerTestCase:101 dhgovindaraj-VirtualBox:5531  [2634b48f-c7ee-418c-8d0a-7c1fb3a1fc99,Test GUID] 
2015-11-19 02:03:48 ERROR WorkAppLoggerTestCase:107 dhgovindaraj-VirtualBox:5531  [2634b48f-c7ee-418c-8d0a-7c1fb3a1fc99,Test GUID] 
2015-11-19 02:03:48 WARN  WorkAppLoggerTestCase:113 dhgovindaraj-VirtualBox:5531  [2634b48f-c7ee-418c-8d0a-7c1fb3a1fc99,Test GUID] 
2015-11-19 02:03:48 INFO  WorkAppLoggerTestCase:120 dhgovindaraj-VirtualBox:5531  [2634b48f-c7ee-418c-8d0a-7c1fb3a1fc99,Test GUID] 
2015-11-19 02:03:48 DEBUG WorkAppLoggerTestCase:127 dhgovindaraj-VirtualBox:5531  [2634b48f-c7ee-418c-8d0a-7c1fb3a1fc99,Test GUID] 
2015-11-19 02:03:48 TRACE WorkAppLoggerTestCase:133 dhgovindaraj-VirtualBox:5531  [2634b48f-c7ee-418c-8d0a-7c1fb3a1fc99,Test GUID] 
2015-11-19 02:03:48 INFO  WorkAppLoggerTestCase:95 dhgovindaraj-VirtualBox:5531  [ Test Exception ]  - Stacktrace : java.lang.Exception: Test Exception
	at com.workappinc.workappserver.common.logging.WorkAppLoggerTestCase.doBasicTest(WorkAppLoggerTestCase.java:30)
	at sun.reflect.NativeMethodAccessorImpl.invoke0(Native Method)
	at sun.reflect.NativeMethodAccessorImpl.invoke(NativeMethodAccessorImpl.java:62)
	at sun.reflect.DelegatingMethodAccessorImpl.invoke(DelegatingMethodAccessorImpl.java:43)
	at java.lang.reflect.Method.invoke(Method.java:497)
	at org.junit.runners.model.FrameworkMethod$1.runReflectiveCall(FrameworkMethod.java:47)
	at org.junit.internal.runners.model.ReflectiveCallable.run(ReflectiveCallable.java:12)
	at org.junit.runners.model.FrameworkMethod.invokeExplosively(FrameworkMethod.java:44)
	at org.junit.internal.runners.statements.InvokeMethod.evaluate(InvokeMethod.java:17)
	at org.junit.runners.ParentRunner.runLeaf(ParentRunner.java:271)
	at org.junit.runners.BlockJUnit4ClassRunner.runChild(BlockJUnit4ClassRunner.java:70)
	at org.junit.runners.BlockJUnit4ClassRunner.runChild(BlockJUnit4ClassRunner.java:50)
	at org.junit.runners.ParentRunner$3.run(ParentRunner.java:238)
	at org.junit.runners.ParentRunner$1.schedule(ParentRunner.java:63)
	at org.junit.runners.ParentRunner.runChildren(ParentRunner.java:236)
	at org.junit.runners.ParentRunner.access$000(ParentRunner.java:53)
	at org.junit.runners.ParentRunner$2.evaluate(ParentRunner.java:229)
	at org.junit.runners.ParentRunner.run(ParentRunner.java:309)
	at org.eclipse.jdt.internal.junit4.runner.JUnit4TestReference.run(JUnit4TestReference.java:86)
	at org.eclipse.jdt.internal.junit.runner.TestExecution.run(TestExecution.java:38)
	at org.eclipse.jdt.internal.junit.runner.RemoteTestRunner.runTests(RemoteTestRunner.java:459)
	at org.eclipse.jdt.internal.junit.runner.RemoteTestRunner.runTests(RemoteTestRunner.java:670)
	at org.eclipse.jdt.internal.junit.runner.RemoteTestRunner.run(RemoteTestRunner.java:382)
	at org.eclipse.jdt.internal.junit.runner.RemoteTestRunner.main(RemoteTestRunner.java:192)

2015-11-19 02:03:48 INFO  WorkAppLoggerTestCase:88 dhgovindaraj-VirtualBox:5531  [2634b48f-c7ee-418c-8d0a-7c1fb3a1fc99,Test GUID] 
2015-11-19 02:30:02 FATAL WorkAppLoggerTestCase:101 dhgovindaraj-VirtualBox:6205  [2634b48f-c7ee-418c-8d0a-7c1fb3a1fc99,Test GUID] 
2015-11-19 02:30:02 ERROR WorkAppLoggerTestCase:107 dhgovindaraj-VirtualBox:6205  [2634b48f-c7ee-418c-8d0a-7c1fb3a1fc99,Test GUID] 
2015-11-19 02:30:02 WARN  WorkAppLoggerTestCase:113 dhgovindaraj-VirtualBox:6205  [2634b48f-c7ee-418c-8d0a-7c1fb3a1fc99,Test GUID] 
2015-11-19 02:30:02 INFO  WorkAppLoggerTestCase:120 dhgovindaraj-VirtualBox:6205  [2634b48f-c7ee-418c-8d0a-7c1fb3a1fc99,Test GUID] 
2015-11-19 02:30:02 DEBUG WorkAppLoggerTestCase:127 dhgovindaraj-VirtualBox:6205  [2634b48f-c7ee-418c-8d0a-7c1fb3a1fc99,Test GUID] 
2015-11-19 02:30:02 TRACE WorkAppLoggerTestCase:133 dhgovindaraj-VirtualBox:6205  [2634b48f-c7ee-418c-8d0a-7c1fb3a1fc99,Test GUID] 
2015-11-19 02:30:02 INFO  WorkAppLoggerTestCase:95 dhgovindaraj-VirtualBox:6205  [ Test Exception ]  - Stacktrace : java.lang.Exception: Test Exception
	at com.workappinc.workappserver.common.logging.WorkAppLoggerTestCase.doBasicTest(WorkAppLoggerTestCase.java:30)
	at sun.reflect.NativeMethodAccessorImpl.invoke0(Native Method)
	at sun.reflect.NativeMethodAccessorImpl.invoke(NativeMethodAccessorImpl.java:62)
	at sun.reflect.DelegatingMethodAccessorImpl.invoke(DelegatingMethodAccessorImpl.java:43)
	at java.lang.reflect.Method.invoke(Method.java:497)
	at org.junit.runners.model.FrameworkMethod$1.runReflectiveCall(FrameworkMethod.java:47)
	at org.junit.internal.runners.model.ReflectiveCallable.run(ReflectiveCallable.java:12)
	at org.junit.runners.model.FrameworkMethod.invokeExplosively(FrameworkMethod.java:44)
	at org.junit.internal.runners.statements.InvokeMethod.evaluate(InvokeMethod.java:17)
	at org.junit.runners.ParentRunner.runLeaf(ParentRunner.java:271)
	at org.junit.runners.BlockJUnit4ClassRunner.runChild(BlockJUnit4ClassRunner.java:70)
	at org.junit.runners.BlockJUnit4ClassRunner.runChild(BlockJUnit4ClassRunner.java:50)
	at org.junit.runners.ParentRunner$3.run(ParentRunner.java:238)
	at org.junit.runners.ParentRunner$1.schedule(ParentRunner.java:63)
	at org.junit.runners.ParentRunner.runChildren(ParentRunner.java:236)
	at org.junit.runners.ParentRunner.access$000(ParentRunner.java:53)
	at org.junit.runners.ParentRunner$2.evaluate(ParentRunner.java:229)
	at org.junit.runners.ParentRunner.run(ParentRunner.java:309)
	at org.apache.maven.surefire.junit4.JUnit4Provider.execute(JUnit4Provider.java:252)
	at org.apache.maven.surefire.junit4.JUnit4Provider.executeTestSet(JUnit4Provider.java:141)
	at org.apache.maven.surefire.junit4.JUnit4Provider.invoke(JUnit4Provider.java:112)
	at sun.reflect.NativeMethodAccessorImpl.invoke0(Native Method)
	at sun.reflect.NativeMethodAccessorImpl.invoke(NativeMethodAccessorImpl.java:62)
	at sun.reflect.DelegatingMethodAccessorImpl.invoke(DelegatingMethodAccessorImpl.java:43)
	at java.lang.reflect.Method.invoke(Method.java:497)
	at org.apache.maven.surefire.util.ReflectionUtils.invokeMethodWithArray(ReflectionUtils.java:189)
	at org.apache.maven.surefire.booter.ProviderFactory$ProviderProxy.invoke(ProviderFactory.java:165)
	at org.apache.maven.surefire.booter.ProviderFactory.invokeProvider(ProviderFactory.java:85)
	at org.apache.maven.surefire.booter.ForkedBooter.runSuitesInProcess(ForkedBooter.java:115)
	at org.apache.maven.surefire.booter.ForkedBooter.main(ForkedBooter.java:75)

2015-11-19 02:30:02 INFO  WorkAppLoggerTestCase:88 dhgovindaraj-VirtualBox:6205  [2634b48f-c7ee-418c-8d0a-7c1fb3a1fc99,Test GUID] 
2015-11-19 02:30:12 FATAL WorkAppLoggerTestCase:101 dhgovindaraj-VirtualBox:6225  [2634b48f-c7ee-418c-8d0a-7c1fb3a1fc99,Test GUID] 
2015-11-19 02:30:12 ERROR WorkAppLoggerTestCase:107 dhgovindaraj-VirtualBox:6225  [2634b48f-c7ee-418c-8d0a-7c1fb3a1fc99,Test GUID] 
2015-11-19 02:30:12 WARN  WorkAppLoggerTestCase:113 dhgovindaraj-VirtualBox:6225  [2634b48f-c7ee-418c-8d0a-7c1fb3a1fc99,Test GUID] 
2015-11-19 02:30:12 INFO  WorkAppLoggerTestCase:120 dhgovindaraj-VirtualBox:6225  [2634b48f-c7ee-418c-8d0a-7c1fb3a1fc99,Test GUID] 
2015-11-19 02:30:12 DEBUG WorkAppLoggerTestCase:127 dhgovindaraj-VirtualBox:6225  [2634b48f-c7ee-418c-8d0a-7c1fb3a1fc99,Test GUID] 
2015-11-19 02:30:12 TRACE WorkAppLoggerTestCase:133 dhgovindaraj-VirtualBox:6225  [2634b48f-c7ee-418c-8d0a-7c1fb3a1fc99,Test GUID] 
2015-11-19 02:30:12 INFO  WorkAppLoggerTestCase:95 dhgovindaraj-VirtualBox:6225  [ Test Exception ]  - Stacktrace : java.lang.Exception: Test Exception
	at com.workappinc.workappserver.common.logging.WorkAppLoggerTestCase.doBasicTest(WorkAppLoggerTestCase.java:30)
	at sun.reflect.NativeMethodAccessorImpl.invoke0(Native Method)
	at sun.reflect.NativeMethodAccessorImpl.invoke(NativeMethodAccessorImpl.java:62)
	at sun.reflect.DelegatingMethodAccessorImpl.invoke(DelegatingMethodAccessorImpl.java:43)
	at java.lang.reflect.Method.invoke(Method.java:497)
	at org.junit.runners.model.FrameworkMethod$1.runReflectiveCall(FrameworkMethod.java:47)
	at org.junit.internal.runners.model.ReflectiveCallable.run(ReflectiveCallable.java:12)
	at org.junit.runners.model.FrameworkMethod.invokeExplosively(FrameworkMethod.java:44)
	at org.junit.internal.runners.statements.InvokeMethod.evaluate(InvokeMethod.java:17)
	at org.junit.runners.ParentRunner.runLeaf(ParentRunner.java:271)
	at org.junit.runners.BlockJUnit4ClassRunner.runChild(BlockJUnit4ClassRunner.java:70)
	at org.junit.runners.BlockJUnit4ClassRunner.runChild(BlockJUnit4ClassRunner.java:50)
	at org.junit.runners.ParentRunner$3.run(ParentRunner.java:238)
	at org.junit.runners.ParentRunner$1.schedule(ParentRunner.java:63)
	at org.junit.runners.ParentRunner.runChildren(ParentRunner.java:236)
	at org.junit.runners.ParentRunner.access$000(ParentRunner.java:53)
	at org.junit.runners.ParentRunner$2.evaluate(ParentRunner.java:229)
	at org.junit.runners.ParentRunner.run(ParentRunner.java:309)
	at org.eclipse.jdt.internal.junit4.runner.JUnit4TestReference.run(JUnit4TestReference.java:86)
	at org.eclipse.jdt.internal.junit.runner.TestExecution.run(TestExecution.java:38)
	at org.eclipse.jdt.internal.junit.runner.RemoteTestRunner.runTests(RemoteTestRunner.java:459)
	at org.eclipse.jdt.internal.junit.runner.RemoteTestRunner.runTests(RemoteTestRunner.java:670)
	at org.eclipse.jdt.internal.junit.runner.RemoteTestRunner.run(RemoteTestRunner.java:382)
	at org.eclipse.jdt.internal.junit.runner.RemoteTestRunner.main(RemoteTestRunner.java:192)

2015-11-19 02:30:12 INFO  WorkAppLoggerTestCase:88 dhgovindaraj-VirtualBox:6225  [2634b48f-c7ee-418c-8d0a-7c1fb3a1fc99,Test GUID] 
2015-11-19 13:17:09 FATAL WorkAppLoggerTestCase:101 dhgovindaraj-VirtualBox:4676  [2634b48f-c7ee-418c-8d0a-7c1fb3a1fc99,Test GUID] 
2015-11-19 13:17:09 ERROR WorkAppLoggerTestCase:107 dhgovindaraj-VirtualBox:4676  [2634b48f-c7ee-418c-8d0a-7c1fb3a1fc99,Test GUID] 
2015-11-19 13:17:09 WARN  WorkAppLoggerTestCase:113 dhgovindaraj-VirtualBox:4676  [2634b48f-c7ee-418c-8d0a-7c1fb3a1fc99,Test GUID] 
2015-11-19 13:17:09 INFO  WorkAppLoggerTestCase:120 dhgovindaraj-VirtualBox:4676  [2634b48f-c7ee-418c-8d0a-7c1fb3a1fc99,Test GUID] 
2015-11-19 13:17:09 DEBUG WorkAppLoggerTestCase:127 dhgovindaraj-VirtualBox:4676  [2634b48f-c7ee-418c-8d0a-7c1fb3a1fc99,Test GUID] 
2015-11-19 13:17:09 TRACE WorkAppLoggerTestCase:133 dhgovindaraj-VirtualBox:4676  [2634b48f-c7ee-418c-8d0a-7c1fb3a1fc99,Test GUID] 
2015-11-19 13:17:09 INFO  WorkAppLoggerTestCase:95 dhgovindaraj-VirtualBox:4676  [ Test Exception ]  - Stacktrace : java.lang.Exception: Test Exception
	at com.workappinc.workappserver.common.logging.WorkAppLoggerTestCase.doBasicTest(WorkAppLoggerTestCase.java:30)
	at sun.reflect.NativeMethodAccessorImpl.invoke0(Native Method)
	at sun.reflect.NativeMethodAccessorImpl.invoke(NativeMethodAccessorImpl.java:62)
	at sun.reflect.DelegatingMethodAccessorImpl.invoke(DelegatingMethodAccessorImpl.java:43)
	at java.lang.reflect.Method.invoke(Method.java:497)
	at org.junit.runners.model.FrameworkMethod$1.runReflectiveCall(FrameworkMethod.java:47)
	at org.junit.internal.runners.model.ReflectiveCallable.run(ReflectiveCallable.java:12)
	at org.junit.runners.model.FrameworkMethod.invokeExplosively(FrameworkMethod.java:44)
	at org.junit.internal.runners.statements.InvokeMethod.evaluate(InvokeMethod.java:17)
	at org.junit.runners.ParentRunner.runLeaf(ParentRunner.java:271)
	at org.junit.runners.BlockJUnit4ClassRunner.runChild(BlockJUnit4ClassRunner.java:70)
	at org.junit.runners.BlockJUnit4ClassRunner.runChild(BlockJUnit4ClassRunner.java:50)
	at org.junit.runners.ParentRunner$3.run(ParentRunner.java:238)
	at org.junit.runners.ParentRunner$1.schedule(ParentRunner.java:63)
	at org.junit.runners.ParentRunner.runChildren(ParentRunner.java:236)
	at org.junit.runners.ParentRunner.access$000(ParentRunner.java:53)
	at org.junit.runners.ParentRunner$2.evaluate(ParentRunner.java:229)
	at org.junit.runners.ParentRunner.run(ParentRunner.java:309)
	at org.apache.maven.surefire.junit4.JUnit4Provider.execute(JUnit4Provider.java:252)
	at org.apache.maven.surefire.junit4.JUnit4Provider.executeTestSet(JUnit4Provider.java:141)
	at org.apache.maven.surefire.junit4.JUnit4Provider.invoke(JUnit4Provider.java:112)
	at sun.reflect.NativeMethodAccessorImpl.invoke0(Native Method)
	at sun.reflect.NativeMethodAccessorImpl.invoke(NativeMethodAccessorImpl.java:62)
	at sun.reflect.DelegatingMethodAccessorImpl.invoke(DelegatingMethodAccessorImpl.java:43)
	at java.lang.reflect.Method.invoke(Method.java:497)
	at org.apache.maven.surefire.util.ReflectionUtils.invokeMethodWithArray(ReflectionUtils.java:189)
	at org.apache.maven.surefire.booter.ProviderFactory$ProviderProxy.invoke(ProviderFactory.java:165)
	at org.apache.maven.surefire.booter.ProviderFactory.invokeProvider(ProviderFactory.java:85)
	at org.apache.maven.surefire.booter.ForkedBooter.runSuitesInProcess(ForkedBooter.java:115)
	at org.apache.maven.surefire.booter.ForkedBooter.main(ForkedBooter.java:75)

2015-11-19 13:17:09 INFO  WorkAppLoggerTestCase:88 dhgovindaraj-VirtualBox:4676  [2634b48f-c7ee-418c-8d0a-7c1fb3a1fc99,Test GUID] 
2015-11-19 16:30:59 FATAL WorkAppLoggerTestCase:101 dhgovindaraj-VirtualBox:6123  [2634b48f-c7ee-418c-8d0a-7c1fb3a1fc99,Test GUID] 
2015-11-19 16:30:59 ERROR WorkAppLoggerTestCase:107 dhgovindaraj-VirtualBox:6123  [2634b48f-c7ee-418c-8d0a-7c1fb3a1fc99,Test GUID] 
2015-11-19 16:30:59 WARN  WorkAppLoggerTestCase:113 dhgovindaraj-VirtualBox:6123  [2634b48f-c7ee-418c-8d0a-7c1fb3a1fc99,Test GUID] 
2015-11-19 16:30:59 INFO  WorkAppLoggerTestCase:120 dhgovindaraj-VirtualBox:6123  [2634b48f-c7ee-418c-8d0a-7c1fb3a1fc99,Test GUID] 
2015-11-19 16:30:59 DEBUG WorkAppLoggerTestCase:127 dhgovindaraj-VirtualBox:6123  [2634b48f-c7ee-418c-8d0a-7c1fb3a1fc99,Test GUID] 
2015-11-19 16:30:59 TRACE WorkAppLoggerTestCase:133 dhgovindaraj-VirtualBox:6123  [2634b48f-c7ee-418c-8d0a-7c1fb3a1fc99,Test GUID] 
2015-11-19 16:30:59 INFO  WorkAppLoggerTestCase:95 dhgovindaraj-VirtualBox:6123  [ Test Exception ]  - Stacktrace : java.lang.Exception: Test Exception
	at com.workappinc.workappserver.common.logging.WorkAppLoggerTestCase.doBasicTest(WorkAppLoggerTestCase.java:30)
	at sun.reflect.NativeMethodAccessorImpl.invoke0(Native Method)
	at sun.reflect.NativeMethodAccessorImpl.invoke(NativeMethodAccessorImpl.java:62)
	at sun.reflect.DelegatingMethodAccessorImpl.invoke(DelegatingMethodAccessorImpl.java:43)
	at java.lang.reflect.Method.invoke(Method.java:497)
	at org.junit.runners.model.FrameworkMethod$1.runReflectiveCall(FrameworkMethod.java:47)
	at org.junit.internal.runners.model.ReflectiveCallable.run(ReflectiveCallable.java:12)
	at org.junit.runners.model.FrameworkMethod.invokeExplosively(FrameworkMethod.java:44)
	at org.junit.internal.runners.statements.InvokeMethod.evaluate(InvokeMethod.java:17)
	at org.junit.runners.ParentRunner.runLeaf(ParentRunner.java:271)
	at org.junit.runners.BlockJUnit4ClassRunner.runChild(BlockJUnit4ClassRunner.java:70)
	at org.junit.runners.BlockJUnit4ClassRunner.runChild(BlockJUnit4ClassRunner.java:50)
	at org.junit.runners.ParentRunner$3.run(ParentRunner.java:238)
	at org.junit.runners.ParentRunner$1.schedule(ParentRunner.java:63)
	at org.junit.runners.ParentRunner.runChildren(ParentRunner.java:236)
	at org.junit.runners.ParentRunner.access$000(ParentRunner.java:53)
	at org.junit.runners.ParentRunner$2.evaluate(ParentRunner.java:229)
	at org.junit.runners.ParentRunner.run(ParentRunner.java:309)
	at org.apache.maven.surefire.junit4.JUnit4Provider.execute(JUnit4Provider.java:252)
	at org.apache.maven.surefire.junit4.JUnit4Provider.executeTestSet(JUnit4Provider.java:141)
	at org.apache.maven.surefire.junit4.JUnit4Provider.invoke(JUnit4Provider.java:112)
	at sun.reflect.NativeMethodAccessorImpl.invoke0(Native Method)
	at sun.reflect.NativeMethodAccessorImpl.invoke(NativeMethodAccessorImpl.java:62)
	at sun.reflect.DelegatingMethodAccessorImpl.invoke(DelegatingMethodAccessorImpl.java:43)
	at java.lang.reflect.Method.invoke(Method.java:497)
	at org.apache.maven.surefire.util.ReflectionUtils.invokeMethodWithArray(ReflectionUtils.java:189)
	at org.apache.maven.surefire.booter.ProviderFactory$ProviderProxy.invoke(ProviderFactory.java:165)
	at org.apache.maven.surefire.booter.ProviderFactory.invokeProvider(ProviderFactory.java:85)
	at org.apache.maven.surefire.booter.ForkedBooter.runSuitesInProcess(ForkedBooter.java:115)
	at org.apache.maven.surefire.booter.ForkedBooter.main(ForkedBooter.java:75)

2015-11-19 16:30:59 INFO  WorkAppLoggerTestCase:88 dhgovindaraj-VirtualBox:6123  [2634b48f-c7ee-418c-8d0a-7c1fb3a1fc99,Test GUID] 
2015-11-21 15:53:17 FATAL WorkAppLoggerTestCase:101 dhgovindaraj-VirtualBox:6131  [2634b48f-c7ee-418c-8d0a-7c1fb3a1fc99,Test GUID] 
2015-11-21 15:53:17 ERROR WorkAppLoggerTestCase:107 dhgovindaraj-VirtualBox:6131  [2634b48f-c7ee-418c-8d0a-7c1fb3a1fc99,Test GUID] 
2015-11-21 15:53:17 WARN  WorkAppLoggerTestCase:113 dhgovindaraj-VirtualBox:6131  [2634b48f-c7ee-418c-8d0a-7c1fb3a1fc99,Test GUID] 
2015-11-21 15:53:17 INFO  WorkAppLoggerTestCase:120 dhgovindaraj-VirtualBox:6131  [2634b48f-c7ee-418c-8d0a-7c1fb3a1fc99,Test GUID] 
2015-11-21 15:53:17 DEBUG WorkAppLoggerTestCase:127 dhgovindaraj-VirtualBox:6131  [2634b48f-c7ee-418c-8d0a-7c1fb3a1fc99,Test GUID] 
2015-11-21 15:53:17 TRACE WorkAppLoggerTestCase:133 dhgovindaraj-VirtualBox:6131  [2634b48f-c7ee-418c-8d0a-7c1fb3a1fc99,Test GUID] 
2015-11-21 15:53:17 INFO  WorkAppLoggerTestCase:95 dhgovindaraj-VirtualBox:6131  [ Test Exception ]  - Stacktrace : java.lang.Exception: Test Exception
	at com.workappinc.workappserver.common.logging.WorkAppLoggerTestCase.doBasicTest(WorkAppLoggerTestCase.java:30)
	at sun.reflect.NativeMethodAccessorImpl.invoke0(Native Method)
	at sun.reflect.NativeMethodAccessorImpl.invoke(NativeMethodAccessorImpl.java:62)
	at sun.reflect.DelegatingMethodAccessorImpl.invoke(DelegatingMethodAccessorImpl.java:43)
	at java.lang.reflect.Method.invoke(Method.java:497)
	at org.junit.runners.model.FrameworkMethod$1.runReflectiveCall(FrameworkMethod.java:47)
	at org.junit.internal.runners.model.ReflectiveCallable.run(ReflectiveCallable.java:12)
	at org.junit.runners.model.FrameworkMethod.invokeExplosively(FrameworkMethod.java:44)
	at org.junit.internal.runners.statements.InvokeMethod.evaluate(InvokeMethod.java:17)
	at org.junit.runners.ParentRunner.runLeaf(ParentRunner.java:271)
	at org.junit.runners.BlockJUnit4ClassRunner.runChild(BlockJUnit4ClassRunner.java:70)
	at org.junit.runners.BlockJUnit4ClassRunner.runChild(BlockJUnit4ClassRunner.java:50)
	at org.junit.runners.ParentRunner$3.run(ParentRunner.java:238)
	at org.junit.runners.ParentRunner$1.schedule(ParentRunner.java:63)
	at org.junit.runners.ParentRunner.runChildren(ParentRunner.java:236)
	at org.junit.runners.ParentRunner.access$000(ParentRunner.java:53)
	at org.junit.runners.ParentRunner$2.evaluate(ParentRunner.java:229)
	at org.junit.runners.ParentRunner.run(ParentRunner.java:309)
	at org.apache.maven.surefire.junit4.JUnit4Provider.execute(JUnit4Provider.java:252)
	at org.apache.maven.surefire.junit4.JUnit4Provider.executeTestSet(JUnit4Provider.java:141)
	at org.apache.maven.surefire.junit4.JUnit4Provider.invoke(JUnit4Provider.java:112)
	at sun.reflect.NativeMethodAccessorImpl.invoke0(Native Method)
	at sun.reflect.NativeMethodAccessorImpl.invoke(NativeMethodAccessorImpl.java:62)
	at sun.reflect.DelegatingMethodAccessorImpl.invoke(DelegatingMethodAccessorImpl.java:43)
	at java.lang.reflect.Method.invoke(Method.java:497)
	at org.apache.maven.surefire.util.ReflectionUtils.invokeMethodWithArray(ReflectionUtils.java:189)
	at org.apache.maven.surefire.booter.ProviderFactory$ProviderProxy.invoke(ProviderFactory.java:165)
	at org.apache.maven.surefire.booter.ProviderFactory.invokeProvider(ProviderFactory.java:85)
	at org.apache.maven.surefire.booter.ForkedBooter.runSuitesInProcess(ForkedBooter.java:115)
	at org.apache.maven.surefire.booter.ForkedBooter.main(ForkedBooter.java:75)

2015-11-21 15:53:17 INFO  WorkAppLoggerTestCase:88 dhgovindaraj-VirtualBox:6131  [2634b48f-c7ee-418c-8d0a-7c1fb3a1fc99,Test GUID] 
